<?xml version="1.0" encoding="UTF-8"?>
<!-- Generated by org.testng.reporters.JUnitReportReporter -->
<testsuite hostname="Manu786" failures="0" tests="1" name="assignment18dec2024.DynamicControls" time="7.722" errors="0" timestamp="2024-12-20T19:12:13 EST" skipped="0">
  <testcase classname="assignment18dec2024.DynamicControls" name="removeButtonTest" time="7.722"/>
</testsuite> <!-- assignment18dec2024.DynamicControls -->
