<?xml version="1.0" encoding="UTF-8"?>
<!-- Generated by org.testng.reporters.JUnitReportReporter -->
<testsuite hostname="Manu786" failures="0" tests="1" name="assignment21dec2024.JavascriptEx" time="10.483" errors="0" timestamp="2024-12-22T22:07:34 EST" skipped="0">
  <testcase classname="assignment21dec2024.JavascriptEx" name="loginTest" time="10.483"/>
</testsuite> <!-- assignment21dec2024.JavascriptEx -->
