<?xml version="1.0" encoding="UTF-8"?>
<!-- Generated by org.testng.reporters.JUnitReportReporter -->
<testsuite hostname="Manu786" failures="0" tests="1" name="assignment21dec2024.selectTextWithKeys" time="7.574" errors="0" timestamp="2024-12-22T13:38:21 EST" skipped="0">
  <testcase classname="assignment21dec2024.selectTextWithKeys" name="selectTxtWithKeys" time="7.574"/>
</testsuite> <!-- assignment21dec2024.selectTextWithKeys -->
