<?xml version="1.0" encoding="UTF-8"?>
<!-- Generated by org.testng.reporters.JUnitReportReporter -->
<testsuite hostname="Manu786" failures="0" tests="1" name="assignment21dec2024.DropDownTest" time="14.816" errors="0" timestamp="2024-12-22T15:12:14 EST" skipped="0">
  <testcase classname="assignment21dec2024.DropDownTest" name="selectDropDownTest" time="14.816"/>
</testsuite> <!-- assignment21dec2024.DropDownTest -->
