<?xml version="1.0" encoding="UTF-8"?>
<!-- Generated by org.testng.reporters.JUnitReportReporter -->
<testsuite hostname="Manu786" failures="0" tests="2" name="assignment21dec2024.HandleAlerts" time="17.638" errors="0" timestamp="2024-12-22T13:04:26 EST" skipped="0">
  <testcase classname="assignment21dec2024.HandleAlerts" name="handleAlertDemo" time="8.644"/>
  <testcase classname="assignment21dec2024.HandleAlerts" name="handleJsALert" time="8.994"/>
</testsuite> <!-- assignment21dec2024.HandleAlerts -->
