<?xml version="1.0" encoding="UTF-8"?>
<!-- Generated by org.testng.reporters.JUnitReportReporter -->
<testsuite hostname="Manu786" failures="0" tests="1" name="assignment18dec2024.MouseActions" time="8.696" errors="0" timestamp="2024-12-21T12:21:22 EST" skipped="0">
  <testcase classname="assignment18dec2024.MouseActions" name="rightClick" time="8.696"/>
</testsuite> <!-- assignment18dec2024.MouseActions -->
